<?xml version="1.0" encoding="UTF-8"?>
<!-- Generated by org.testng.reporters.JUnitXMLReporter -->
<testsuite ignored="0" hostname="LAPTOP-1HMPR52I" failures="0" tests="2" name="Test on Edge" time="4.16" errors="0" timestamp="2025-11-04T20:09:21 IST">
  <testcase classname="testCase.TC001_AccountRegistrationTest" name="verify_account_registration" time="0.0">
    <skipped/>
  </testcase> <!-- verify_account_registration -->
  <testcase classname="testCase.TC0002_LoginTest" name="verfiy_login" time="0.0">
    <skipped/>
  </testcase> <!-- verfiy_login -->
</testsuite> <!-- Test on Edge -->
