<?xml version="1.0" encoding="UTF-8"?>
<!-- Generated by org.testng.reporters.JUnitXMLReporter -->
<testsuite ignored="1" hostname="LAPTOP-1HMPR52I" failures="0" tests="1" name="Test" time="12.393" errors="0" timestamp="2025-10-31T12:03:43 IST">
  <testcase classname="testCase.TC001_AccountRegistrationTest" name="verify_account_registration" time="3.816"/>
  <testcase classname="testCase.TC0002_LoginTest" name="verfiy_login" time="0.0">
    <ignored/>
  </testcase> <!-- verfiy_login -->
</testsuite> <!-- Test -->
