<?xml version="1.0" encoding="UTF-8"?>
<!-- Generated by org.testng.reporters.JUnitXMLReporter -->
<testsuite ignored="0" hostname="LAPTOP-1HMPR52I" failures="4" tests="5" name="OpenCart Tests" time="62.573" errors="0" timestamp="2025-10-31T11:54:49 IST">
  <testcase classname="testCase.TC003_LoginDDT" name="verify_loginDDT" time="2.805"/>
  <testcase classname="testCase.TC003_LoginDDT" name="verify_loginDDT" time="10.156">
    <failure type="java.lang.AssertionError" message="null">
      <![CDATA[java.lang.AssertionError: null
at testCase.TC003_LoginDDT.verify_loginDDT(TC003_LoginDDT.java:55)
at java.base/java.util.ArrayList.forEach(ArrayList.java:1596)
... Removed 27 stack frames]]>
    </failure>
  </testcase> <!-- verify_loginDDT -->
  <testcase classname="testCase.TC003_LoginDDT" name="verify_loginDDT" time="10.14">
    <failure type="java.lang.AssertionError" message="null">
      <![CDATA[java.lang.AssertionError: null
at testCase.TC003_LoginDDT.verify_loginDDT(TC003_LoginDDT.java:55)
at java.base/java.util.ArrayList.forEach(ArrayList.java:1596)
... Removed 27 stack frames]]>
    </failure>
  </testcase> <!-- verify_loginDDT -->
  <testcase classname="testCase.TC003_LoginDDT" name="verify_loginDDT" time="10.153">
    <failure type="java.lang.AssertionError" message="null">
      <![CDATA[java.lang.AssertionError: null
at testCase.TC003_LoginDDT.verify_loginDDT(TC003_LoginDDT.java:55)
at java.base/java.util.ArrayList.forEach(ArrayList.java:1596)
... Removed 27 stack frames]]>
    </failure>
  </testcase> <!-- verify_loginDDT -->
  <testcase classname="testCase.TC003_LoginDDT" name="verify_loginDDT" time="10.095">
    <failure type="java.lang.AssertionError" message="null">
      <![CDATA[java.lang.AssertionError: null
at testCase.TC003_LoginDDT.verify_loginDDT(TC003_LoginDDT.java:55)
at java.base/java.util.ArrayList.forEach(ArrayList.java:1596)
... Removed 27 stack frames]]>
    </failure>
  </testcase> <!-- verify_loginDDT -->
</testsuite> <!-- OpenCart Tests -->
