<?xml version="1.0" encoding="UTF-8"?>
<testng-results ignored="0" total="2" passed="2" failed="0" skipped="0">
  <reporter-output>
  </reporter-output>
  <suite started-at="2025-11-05T09:58:18 IST" name="Master Suite" finished-at="2025-11-05T09:58:29 IST" duration-ms="10954">
    <groups>
      <group name="Master">
        <method signature="TC0002_LoginTest.verfiy_login()[pri:0, instance:testCase.TC0002_LoginTest@180da663]" name="verfiy_login" class="testCase.TC0002_LoginTest"/>
        <method signature="TC001_AccountRegistrationTest.verify_account_registration()[pri:0, instance:testCase.TC001_AccountRegistrationTest@18bc345]" name="verify_account_registration" class="testCase.TC001_AccountRegistrationTest"/>
      </group> <!-- Master -->
      <group name="Sanity">
        <method signature="TC0002_LoginTest.verfiy_login()[pri:0, instance:testCase.TC0002_LoginTest@180da663]" name="verfiy_login" class="testCase.TC0002_LoginTest"/>
      </group> <!-- Sanity -->
      <group name="Regression">
        <method signature="TC001_AccountRegistrationTest.verify_account_registration()[pri:0, instance:testCase.TC001_AccountRegistrationTest@18bc345]" name="verify_account_registration" class="testCase.TC001_AccountRegistrationTest"/>
      </group> <!-- Regression -->
    </groups>
    <test started-at="2025-11-05T09:58:18 IST" name="Chrome Test" finished-at="2025-11-05T09:58:29 IST" duration-ms="10954">
      <class name="testCase.TC0002_LoginTest">
        <test-method is-config="true" signature="setup(java.lang.String,java.lang.String)[pri:0, instance:testCase.TC0002_LoginTest@180da663]" started-at="2025-11-05T09:58:25 IST" name="setup" finished-at="2025-11-05T09:58:27 IST" duration-ms="1826" status="PASS">
          <params>
            <param index="0">
              <value>
                <![CDATA[Windows]]>
              </value>
            </param>
            <param index="1">
              <value>
                <![CDATA[chrome]]>
              </value>
            </param>
          </params>
          <reporter-output>
          </reporter-output>
        </test-method> <!-- setup -->
        <test-method signature="verfiy_login()[pri:0, instance:testCase.TC0002_LoginTest@180da663]" started-at="2025-11-05T09:58:27 IST" name="verfiy_login" finished-at="2025-11-05T09:58:29 IST" duration-ms="1496" status="PASS">
          <reporter-output>
          </reporter-output>
        </test-method> <!-- verfiy_login -->
        <test-method is-config="true" signature="tearDown()[pri:0, instance:testCase.TC0002_LoginTest@180da663]" started-at="2025-11-05T09:58:29 IST" name="tearDown" finished-at="2025-11-05T09:58:29 IST" duration-ms="393" status="PASS">
          <reporter-output>
          </reporter-output>
        </test-method> <!-- tearDown -->
      </class> <!-- testCase.TC0002_LoginTest -->
      <class name="testCase.TC001_AccountRegistrationTest">
        <test-method is-config="true" signature="setup(java.lang.String,java.lang.String)[pri:0, instance:testCase.TC001_AccountRegistrationTest@18bc345]" started-at="2025-11-05T09:58:18 IST" name="setup" finished-at="2025-11-05T09:58:22 IST" duration-ms="4050" status="PASS">
          <params>
            <param index="0">
              <value>
                <![CDATA[Windows]]>
              </value>
            </param>
            <param index="1">
              <value>
                <![CDATA[chrome]]>
              </value>
            </param>
          </params>
          <reporter-output>
          </reporter-output>
        </test-method> <!-- setup -->
        <test-method signature="verify_account_registration()[pri:0, instance:testCase.TC001_AccountRegistrationTest@18bc345]" started-at="2025-11-05T09:58:22 IST" name="verify_account_registration" finished-at="2025-11-05T09:58:25 IST" duration-ms="2432" status="PASS">
          <reporter-output>
          </reporter-output>
        </test-method> <!-- verify_account_registration -->
        <test-method is-config="true" signature="tearDown()[pri:0, instance:testCase.TC001_AccountRegistrationTest@18bc345]" started-at="2025-11-05T09:58:25 IST" name="tearDown" finished-at="2025-11-05T09:58:25 IST" duration-ms="386" status="PASS">
          <reporter-output>
          </reporter-output>
        </test-method> <!-- tearDown -->
      </class> <!-- testCase.TC001_AccountRegistrationTest -->
    </test> <!-- Chrome Test -->
  </suite> <!-- Master Suite -->
</testng-results>
