<?xml version="1.0" encoding="UTF-8"?>
<testng-results ignored="0" total="2" passed="2" failed="0" skipped="0">
  <reporter-output>
  </reporter-output>
  <suite started-at="2025-11-05T17:13:44 IST" name="Master Suite" finished-at="2025-11-05T17:13:58 IST" duration-ms="13686">
    <groups>
      <group name="Master">
        <method signature="TC0002_LoginTest.verfiy_login()[pri:0, instance:testCase.TC0002_LoginTest@180da663]" name="verfiy_login" class="testCase.TC0002_LoginTest"/>
        <method signature="TC001_AccountRegistrationTest.verify_account_registration()[pri:0, instance:testCase.TC001_AccountRegistrationTest@18bc345]" name="verify_account_registration" class="testCase.TC001_AccountRegistrationTest"/>
      </group> <!-- Master -->
      <group name="Sanity">
        <method signature="TC0002_LoginTest.verfiy_login()[pri:0, instance:testCase.TC0002_LoginTest@180da663]" name="verfiy_login" class="testCase.TC0002_LoginTest"/>
      </group> <!-- Sanity -->
      <group name="Regression">
        <method signature="TC001_AccountRegistrationTest.verify_account_registration()[pri:0, instance:testCase.TC001_AccountRegistrationTest@18bc345]" name="verify_account_registration" class="testCase.TC001_AccountRegistrationTest"/>
      </group> <!-- Regression -->
    </groups>
    <test started-at="2025-11-05T17:13:44 IST" name="Chrome Test" finished-at="2025-11-05T17:13:58 IST" duration-ms="13686">
      <class name="testCase.TC0002_LoginTest">
        <test-method is-config="true" signature="setup(java.lang.String,java.lang.String)[pri:0, instance:testCase.TC0002_LoginTest@180da663]" started-at="2025-11-05T17:13:54 IST" name="setup" finished-at="2025-11-05T17:13:56 IST" duration-ms="1889" status="PASS">
          <params>
            <param index="0">
              <value>
                <![CDATA[Windows]]>
              </value>
            </param>
            <param index="1">
              <value>
                <![CDATA[chrome]]>
              </value>
            </param>
          </params>
          <reporter-output>
          </reporter-output>
        </test-method> <!-- setup -->
        <test-method signature="verfiy_login()[pri:0, instance:testCase.TC0002_LoginTest@180da663]" started-at="2025-11-05T17:13:56 IST" name="verfiy_login" finished-at="2025-11-05T17:13:58 IST" duration-ms="1589" status="PASS">
          <reporter-output>
          </reporter-output>
        </test-method> <!-- verfiy_login -->
        <test-method is-config="true" signature="tearDown()[pri:0, instance:testCase.TC0002_LoginTest@180da663]" started-at="2025-11-05T17:13:58 IST" name="tearDown" finished-at="2025-11-05T17:13:58 IST" duration-ms="463" status="PASS">
          <reporter-output>
          </reporter-output>
        </test-method> <!-- tearDown -->
      </class> <!-- testCase.TC0002_LoginTest -->
      <class name="testCase.TC001_AccountRegistrationTest">
        <test-method is-config="true" signature="setup(java.lang.String,java.lang.String)[pri:0, instance:testCase.TC001_AccountRegistrationTest@18bc345]" started-at="2025-11-05T17:13:45 IST" name="setup" finished-at="2025-11-05T17:13:51 IST" duration-ms="6230" status="PASS">
          <params>
            <param index="0">
              <value>
                <![CDATA[Windows]]>
              </value>
            </param>
            <param index="1">
              <value>
                <![CDATA[chrome]]>
              </value>
            </param>
          </params>
          <reporter-output>
          </reporter-output>
        </test-method> <!-- setup -->
        <test-method signature="verify_account_registration()[pri:0, instance:testCase.TC001_AccountRegistrationTest@18bc345]" started-at="2025-11-05T17:13:51 IST" name="verify_account_registration" finished-at="2025-11-05T17:13:54 IST" duration-ms="2639" status="PASS">
          <reporter-output>
          </reporter-output>
        </test-method> <!-- verify_account_registration -->
        <test-method is-config="true" signature="tearDown()[pri:0, instance:testCase.TC001_AccountRegistrationTest@18bc345]" started-at="2025-11-05T17:13:54 IST" name="tearDown" finished-at="2025-11-05T17:13:54 IST" duration-ms="425" status="PASS">
          <reporter-output>
          </reporter-output>
        </test-method> <!-- tearDown -->
      </class> <!-- testCase.TC001_AccountRegistrationTest -->
    </test> <!-- Chrome Test -->
  </suite> <!-- Master Suite -->
</testng-results>
