<?xml version="1.0" encoding="UTF-8"?>
<!-- Generated by org.testng.reporters.JUnitReportReporter -->
<testsuite hostname="LAPTOP-1HMPR52I" failures="0" tests="5" name="testCase.TC003_LogingDDT" time="0.021" errors="0" timestamp="2025-10-29T11:01:05 IST" skipped="0">
  <testcase classname="testCase.TC003_LogingDDT" name="loginTest" time="0.002"/>
  <testcase classname="testCase.TC003_LogingDDT" name="loginTest" time="0.002"/>
  <testcase classname="testCase.TC003_LogingDDT" name="loginTest" time="0.002"/>
  <testcase classname="testCase.TC003_LogingDDT" name="loginTest" time="0.003"/>
  <testcase classname="testCase.TC003_LogingDDT" name="loginTest" time="0.012"/>
</testsuite> <!-- testCase.TC003_LogingDDT -->
